0 info it worked if it ends with ok
1 verbose cli [ 'node', '/usr/local/bin/npm', 'install', '-g', 'ios-sim' ]
2 info using npm@2.5.1
3 info using node@v0.12.0
4 silly cache add args [ 'ios-sim', null ]
5 verbose cache add spec ios-sim
6 silly cache add parsed spec { raw: 'ios-sim',
6 silly cache add   scope: null,
6 silly cache add   name: 'ios-sim',
6 silly cache add   rawSpec: '',
6 silly cache add   spec: '*',
6 silly cache add   type: 'range' }
7 verbose addNamed ios-sim@*
8 silly addNamed semver.valid null
9 silly addNamed semver.validRange *
10 silly addNameRange { name: 'ios-sim', range: '*', hasData: false }
11 silly mapToRegistry name ios-sim
12 silly mapToRegistry using default registry
13 silly mapToRegistry registry https://registry.npmjs.org/
14 silly mapToRegistry uri https://registry.npmjs.org/ios-sim
15 verbose addNameRange registry:https://registry.npmjs.org/ios-sim not in flight; fetching
16 verbose request uri https://registry.npmjs.org/ios-sim
17 verbose request no auth needed
18 info attempt registry request try #1 at 10:36:26 PM
19 verbose request id 4008e8d1834bb03e
20 http request GET https://registry.npmjs.org/ios-sim
21 info retry will retry, error on last attempt: Error: getaddrinfo ENOTFOUND registry.npmjs.org
22 info attempt registry request try #2 at 10:36:37 PM
23 http request GET https://registry.npmjs.org/ios-sim
24 info retry will retry, error on last attempt: Error: getaddrinfo ENOTFOUND registry.npmjs.org
25 info attempt registry request try #3 at 10:37:37 PM
26 http request GET https://registry.npmjs.org/ios-sim
27 http 200 https://registry.npmjs.org/ios-sim
28 silly get cb [ 200,
28 silly get   { date: 'Thu, 12 Mar 2015 17:07:39 GMT',
28 silly get     server: 'CouchDB/1.5.0 (Erlang OTP/R16B03)',
28 silly get     etag: '"5N2I9S5HWR4XHX26339ANL7X5"',
28 silly get     'content-type': 'application/json',
28 silly get     'cache-control': 'max-age=60',
28 silly get     'content-length': '16842',
28 silly get     'accept-ranges': 'bytes',
28 silly get     via: '1.1 varnish',
28 silly get     age: '0',
28 silly get     'x-served-by': 'cache-lax1435-LAX',
28 silly get     'x-cache': 'MISS',
28 silly get     'x-cache-hits': '0',
28 silly get     'x-timer': 'S1426180059.103024,VS0,VE374',
28 silly get     vary: 'Accept',
28 silly get     'keep-alive': 'timeout=10, max=50',
28 silly get     connection: 'Keep-Alive' } ]
29 verbose get saving ios-sim to /Users/engineered/.npm/registry.npmjs.org/ios-sim/.cache.json
30 silly addNameRange number 2 { name: 'ios-sim', range: '*', hasData: true }
31 silly addNameRange versions [ 'ios-sim',
31 silly addNameRange   [ '1.8.0',
31 silly addNameRange     '1.8.1',
31 silly addNameRange     '1.8.2',
31 silly addNameRange     '1.9.0',
31 silly addNameRange     '2.0.0',
31 silly addNameRange     '2.0.1',
31 silly addNameRange     '3.0.0',
31 silly addNameRange     '3.1.0',
31 silly addNameRange     '3.1.1',
31 silly addNameRange     '4.0.0',
31 silly addNameRange     '4.0.1' ] ]
32 verbose addNamed ios-sim@3.1.1
33 silly addNamed semver.valid 3.1.1
34 silly addNamed semver.validRange 3.1.1
35 silly mapToRegistry name ios-sim
36 silly mapToRegistry using default registry
37 silly mapToRegistry registry https://registry.npmjs.org/
38 silly mapToRegistry uri https://registry.npmjs.org/ios-sim
39 verbose addRemoteTarball https://registry.npmjs.org/ios-sim/-/ios-sim-3.1.1.tgz not in flight; adding
40 verbose addRemoteTarball [ 'https://registry.npmjs.org/ios-sim/-/ios-sim-3.1.1.tgz',
40 verbose addRemoteTarball   '1129c3fda31b917ef656b8c53fd276392b51c6e8' ]
41 info retry fetch attempt 1 at 10:37:40 PM
42 info attempt registry request try #1 at 10:37:40 PM
43 http fetch GET https://registry.npmjs.org/ios-sim/-/ios-sim-3.1.1.tgz
44 http fetch 200 https://registry.npmjs.org/ios-sim/-/ios-sim-3.1.1.tgz
45 silly fetchAndShaCheck shasum 1129c3fda31b917ef656b8c53fd276392b51c6e8
46 verbose addTmpTarball /var/folders/0z/7vyd9px14rg6fjrrk00wvv9w0000gn/T/npm-7076-02c49a2f/registry.npmjs.org/ios-sim/-/ios-sim-3.1.1.tgz not in flight; adding
47 verbose addTmpTarball already have metadata; skipping unpack for ios-sim@3.1.1
48 silly cache afterAdd ios-sim@3.1.1
49 verbose afterAdd /Users/engineered/.npm/ios-sim/3.1.1/package/package.json not in flight; writing
50 verbose afterAdd /Users/engineered/.npm/ios-sim/3.1.1/package/package.json written
51 silly install resolved [ { name: 'ios-sim',
51 silly install resolved     version: '3.1.1',
51 silly install resolved     description: 'launch iOS apps into the iOS Simulator from the command line (Xcode 6.0)',
51 silly install resolved     main: 'ios-sim',
51 silly install resolved     scripts: { preinstall: 'rake build' },
51 silly install resolved     bin: { 'ios-sim': 'build/Release/ios-sim' },
51 silly install resolved     repository: { type: 'git', url: 'https://github.com/phonegap/ios-sim' },
51 silly install resolved     keywords: [ 'ios-sim', 'iOS Simulator' ],
51 silly install resolved     author: { name: 'Landon Fuller, Jeff Haynie, Eloy Duran, Shazron Abdullah' },
51 silly install resolved     license: 'MIT',
51 silly install resolved     gitHead: 'c6ec64397e5fa462f1ea2d4e4fdc123a856618f9',
51 silly install resolved     bugs: { url: 'https://github.com/phonegap/ios-sim/issues' },
51 silly install resolved     homepage: 'https://github.com/phonegap/ios-sim',
51 silly install resolved     _id: 'ios-sim@3.1.1',
51 silly install resolved     _shasum: '1129c3fda31b917ef656b8c53fd276392b51c6e8',
51 silly install resolved     _from: 'ios-sim@*',
51 silly install resolved     _npmVersion: '1.4.14',
51 silly install resolved     _npmUser: { name: 'shazron', email: 'shazron@gmail.com' },
51 silly install resolved     maintainers: [ [Object] ],
51 silly install resolved     dist:
51 silly install resolved      { shasum: '1129c3fda31b917ef656b8c53fd276392b51c6e8',
51 silly install resolved        tarball: 'http://registry.npmjs.org/ios-sim/-/ios-sim-3.1.1.tgz' },
51 silly install resolved     directories: {},
51 silly install resolved     _resolved: 'https://registry.npmjs.org/ios-sim/-/ios-sim-3.1.1.tgz' } ]
52 info install ios-sim@3.1.1 into /usr/local/lib
53 info installOne ios-sim@3.1.1
54 verbose installOne of ios-sim to /usr/local/lib not in flight; installing
55 warn locking Error: EACCES, open '/Users/engineered/.npm/_locks/ios-sim-3bb56db538048d2f.lock'
55 warn locking     at Error (native)
55 warn locking  /Users/engineered/.npm/_locks/ios-sim-3bb56db538048d2f.lock failed { [Error: EACCES, open '/Users/engineered/.npm/_locks/ios-sim-3bb56db538048d2f.lock']
55 warn locking   errno: -13,
55 warn locking   code: 'EACCES',
55 warn locking   path: '/Users/engineered/.npm/_locks/ios-sim-3bb56db538048d2f.lock' }
56 verbose stack Error: Attempt to unlock /usr/local/lib/node_modules/ios-sim, which hasn't been locked
56 verbose stack     at unlock (/usr/local/lib/node_modules/npm/lib/utils/locker.js:66:11)
56 verbose stack     at cb (/usr/local/lib/node_modules/npm/lib/install.js:929:5)
56 verbose stack     at /usr/local/lib/node_modules/npm/lib/install.js:933:20
56 verbose stack     at /usr/local/lib/node_modules/npm/lib/utils/locker.js:40:9
56 verbose stack     at cb (/usr/local/lib/node_modules/npm/node_modules/lockfile/lockfile.js:149:38)
56 verbose stack     at /usr/local/lib/node_modules/npm/node_modules/lockfile/lockfile.js:177:38
56 verbose stack     at FSReqWrap.oncomplete (fs.js:99:15)
57 verbose cwd /Users/engineered/JavaScript/TestCrossPlatform
58 error Darwin 14.1.0
59 error argv "node" "/usr/local/bin/npm" "install" "-g" "ios-sim"
60 error node v0.12.0
61 error npm  v2.5.1
62 error Attempt to unlock /usr/local/lib/node_modules/ios-sim, which hasn't been locked
63 error If you need help, you may report this error at:
63 error     <http://github.com/npm/npm/issues>
64 verbose exit [ 1, true ]
